<?xml version="1.0" encoding="UTF-8"?>
<!-- Generated by org.testng.reporters.JUnitXMLReporter -->
<testsuite ignored="4" hostname="DESKTOP-I8KLFNC" failures="0" tests="2" name="CampTest" time="97.194" errors="0" timestamp="2022-06-08T20:15:43 IST">
  <testcase classname="com.crm.comcast.campaignTest.Create_Campaign_Test" name="createCamp" time="48.725"/>
  <testcase classname="com.crm.comcast.campaignTest.CreateCampaignWithProductTest" name="createCampPro" time="66.39"/>
  <testcase classname="com.crm.comcast.generic_utilities.Base_Class" name="@BeforeTest bt" time="0.0">
    <ignored/>
  </testcase> <!-- @BeforeTest bt -->
  <testcase classname="com.crm.comcast.generic_utilities.Base_Class" name="@AfterSuite as" time="0.0">
    <ignored/>
  </testcase> <!-- @AfterSuite as -->
  <testcase classname="com.crm.comcast.generic_utilities.Base_Class" name="@AfterTest at" time="0.0">
    <ignored/>
  </testcase> <!-- @AfterTest at -->
  <testcase classname="com.crm.comcast.generic_utilities.Base_Class" name="@BeforeSuite bs" time="0.0">
    <ignored/>
  </testcase> <!-- @BeforeSuite bs -->
</testsuite> <!-- CampTest -->
