<?xml version="1.0" encoding="UTF-8"?>
<!-- Generated by org.testng.reporters.JUnitXMLReporter -->
<testsuite ignored="4" hostname="DESKTOP-I8KLFNC" failures="0" tests="2" name="Camp_Chrome_Test" time="172.378" errors="0" timestamp="2022-06-10T07:50:49 IST">
  <testcase classname="com.crm.comcast.contactTest.Create_Contact_Test" name="createContact" time="58.355"/>
  <testcase classname="com.crm.comcast.contactTest.Delete_Contact_Test" name="deleteContact" time="41.166"/>
  <testcase classname="com.crm.comcast.generic_utilities.Base_Class" name="@BeforeTest bt" time="0.0">
    <ignored/>
  </testcase> <!-- @BeforeTest bt -->
  <testcase classname="com.crm.comcast.generic_utilities.Base_Class" name="@AfterSuite as" time="0.0">
    <ignored/>
  </testcase> <!-- @AfterSuite as -->
  <testcase classname="com.crm.comcast.generic_utilities.Base_Class" name="@AfterTest at" time="0.0">
    <ignored/>
  </testcase> <!-- @AfterTest at -->
  <testcase classname="com.crm.comcast.generic_utilities.Base_Class" name="@BeforeSuite bs" time="0.0">
    <ignored/>
  </testcase> <!-- @BeforeSuite bs -->
</testsuite> <!-- Camp_Chrome_Test -->
