<?xml version="1.0" encoding="UTF-8"?>
<!-- Generated by org.testng.reporters.JUnitXMLReporter -->
<testsuite ignored="4" hostname="DESKTOP-I8KLFNC" failures="0" tests="2" name="Test1" time="168.377" errors="0" timestamp="2022-06-09T17:39:28 IST">
  <testcase classname="com.crm.comcast.campaignTest.CreateCampaignWithProductTest" name="createCampPro" time="77.839"/>
  <testcase classname="com.crm.comcast.contactTest.Create_Contact_Test" name="createContact" time="32.909"/>
  <testcase classname="com.crm.comcast.generic_utilities.Base_Class" name="@BeforeTest bt" time="0.0">
    <ignored/>
  </testcase> <!-- @BeforeTest bt -->
  <testcase classname="com.crm.comcast.generic_utilities.Base_Class" name="@AfterSuite as" time="0.0">
    <ignored/>
  </testcase> <!-- @AfterSuite as -->
  <testcase classname="com.crm.comcast.generic_utilities.Base_Class" name="@AfterTest at" time="0.0">
    <ignored/>
  </testcase> <!-- @AfterTest at -->
  <testcase classname="com.crm.comcast.generic_utilities.Base_Class" name="@BeforeSuite bs" time="0.0">
    <ignored/>
  </testcase> <!-- @BeforeSuite bs -->
</testsuite> <!-- Test1 -->
