<?xml version="1.0" encoding="UTF-8"?>
<testng-results ignored="0" total="1" passed="1" failed="0" skipped="0">
  <reporter-output>
    <line>
      <![CDATA[DataBase is connected]]>
    </line>
    <line>
      <![CDATA[Batch Execution is Executing]]>
    </line>
    <line>
      <![CDATA[The Lead is Successfully Created]]>
    </line>
    <line>
      <![CDATA[Browser Closed Successfully]]>
    </line>
    <line>
      <![CDATA[Batch Execution is Ended]]>
    </line>
    <line>
      <![CDATA[DataBase is closed Successfully]]>
    </line>
  </reporter-output>
  <suite started-at="2022-06-14T16:41:34 IST" name="Default suite" finished-at="2022-06-14T16:42:17 IST" duration-ms="43668">
    <groups>
    </groups>
    <test started-at="2022-06-14T16:41:34 IST" name="Default test" finished-at="2022-06-14T16:42:17 IST" duration-ms="43668">
      <class name="com.crm.comcast.leadTest.CreateLeadTest">
        <test-method is-config="true" signature="bs()[pri:0, instance:com.crm.comcast.leadTest.CreateLeadTest@f0da945]" started-at="2022-06-14T16:41:34 IST" name="bs" finished-at="2022-06-14T16:41:34 IST" duration-ms="18" status="PASS">
          <reporter-output>
            <line>
              <![CDATA[DataBase is connected]]>
            </line>
          </reporter-output>
        </test-method> <!-- bs -->
        <test-method is-config="true" signature="bt()[pri:0, instance:com.crm.comcast.leadTest.CreateLeadTest@f0da945]" started-at="2022-06-14T16:41:34 IST" name="bt" finished-at="2022-06-14T16:41:34 IST" duration-ms="4" status="PASS">
          <reporter-output>
            <line>
              <![CDATA[Batch Execution is Executing]]>
            </line>
          </reporter-output>
        </test-method> <!-- bt -->
        <test-method is-config="true" signature="launchBrowser(java.lang.String)[pri:0, instance:com.crm.comcast.leadTest.CreateLeadTest@f0da945]" started-at="2022-06-14T16:41:34 IST" name="launchBrowser" finished-at="2022-06-14T16:41:41 IST" duration-ms="7283" status="PASS">
          <params>
            <param index="0">
              <value>
                <![CDATA[chrome]]>
              </value>
            </param>
          </params>
          <reporter-output>
          </reporter-output>
        </test-method> <!-- launchBrowser -->
        <test-method is-config="true" signature="login()[pri:0, instance:com.crm.comcast.leadTest.CreateLeadTest@f0da945]" started-at="2022-06-14T16:41:41 IST" name="login" finished-at="2022-06-14T16:41:47 IST" duration-ms="6257" status="PASS">
          <reporter-output>
          </reporter-output>
        </test-method> <!-- login -->
        <test-method signature="createLead()[pri:0, instance:com.crm.comcast.leadTest.CreateLeadTest@f0da945]" started-at="2022-06-14T16:41:47 IST" name="createLead" finished-at="2022-06-14T16:42:11 IST" duration-ms="23902" status="PASS">
          <reporter-output>
            <line>
              <![CDATA[The Lead is Successfully Created]]>
            </line>
          </reporter-output>
        </test-method> <!-- createLead -->
        <test-method is-config="true" signature="logout()[pri:0, instance:com.crm.comcast.leadTest.CreateLeadTest@f0da945]" started-at="2022-06-14T16:42:11 IST" name="logout" finished-at="2022-06-14T16:42:16 IST" duration-ms="4619" status="PASS">
          <reporter-output>
          </reporter-output>
        </test-method> <!-- logout -->
        <test-method is-config="true" signature="quit()[pri:0, instance:com.crm.comcast.leadTest.CreateLeadTest@f0da945]" started-at="2022-06-14T16:42:16 IST" name="quit" finished-at="2022-06-14T16:42:17 IST" duration-ms="1498" status="PASS">
          <reporter-output>
            <line>
              <![CDATA[Browser Closed Successfully]]>
            </line>
          </reporter-output>
        </test-method> <!-- quit -->
        <test-method is-config="true" signature="at()[pri:0, instance:com.crm.comcast.leadTest.CreateLeadTest@f0da945]" started-at="2022-06-14T16:42:17 IST" name="at" finished-at="2022-06-14T16:42:17 IST" duration-ms="1" status="PASS">
          <reporter-output>
            <line>
              <![CDATA[Batch Execution is Ended]]>
            </line>
          </reporter-output>
        </test-method> <!-- at -->
        <test-method is-config="true" signature="as()[pri:0, instance:com.crm.comcast.leadTest.CreateLeadTest@f0da945]" started-at="2022-06-14T16:42:18 IST" name="as" finished-at="2022-06-14T16:42:18 IST" duration-ms="1" status="PASS">
          <reporter-output>
            <line>
              <![CDATA[DataBase is closed Successfully]]>
            </line>
          </reporter-output>
        </test-method> <!-- as -->
      </class> <!-- com.crm.comcast.leadTest.CreateLeadTest -->
    </test> <!-- Default test -->
  </suite> <!-- Default suite -->
</testng-results>
