<?xml version="1.0" encoding="UTF-8"?>
<testng-results ignored="0" total="1" passed="0" failed="0" skipped="1">
  <reporter-output>
    <line>
      <![CDATA[DataBase is connected]]>
    </line>
    <line>
      <![CDATA[Batch Execution is Executing]]>
    </line>
    <line>
      <![CDATA[Batch Execution is Ended]]>
    </line>
    <line>
      <![CDATA[DataBase is closed Successfully]]>
    </line>
  </reporter-output>
  <suite started-at="2025-05-29T17:55:32 IST" name="Default suite" finished-at="2025-05-29T17:55:40 IST" duration-ms="8630">
    <groups>
      <group name="smokeTest">
        <method signature="Create_Campaign_Test.createCamp()[pri:0, instance:com.crm.comcast.campaignTest.Create_Campaign_Test@17bffc17]" name="createCamp" class="com.crm.comcast.campaignTest.Create_Campaign_Test"/>
      </group> <!-- smokeTest -->
    </groups>
    <test started-at="2025-05-29T17:55:32 IST" name="Default test" finished-at="2025-05-29T17:55:40 IST" duration-ms="8630">
      <class name="com.crm.comcast.campaignTest.Create_Campaign_Test">
        <test-method is-config="true" signature="bs()[pri:0, instance:com.crm.comcast.campaignTest.Create_Campaign_Test@17bffc17]" started-at="2025-05-29T17:55:32 IST" name="bs" finished-at="2025-05-29T17:55:32 IST" duration-ms="24" status="PASS">
          <reporter-output>
            <line>
              <![CDATA[DataBase is connected]]>
            </line>
          </reporter-output>
        </test-method> <!-- bs -->
        <test-method is-config="true" signature="bt()[pri:0, instance:com.crm.comcast.campaignTest.Create_Campaign_Test@17bffc17]" started-at="2025-05-29T17:55:32 IST" name="bt" finished-at="2025-05-29T17:55:32 IST" duration-ms="2" status="PASS">
          <reporter-output>
            <line>
              <![CDATA[Batch Execution is Executing]]>
            </line>
          </reporter-output>
        </test-method> <!-- bt -->
        <test-method is-config="true" signature="launchBrowser(java.lang.String)[pri:0, instance:com.crm.comcast.campaignTest.Create_Campaign_Test@17bffc17]" started-at="2025-05-29T17:55:32 IST" name="launchBrowser" finished-at="2025-05-29T17:55:40 IST" duration-ms="8411" status="FAIL">
          <params>
            <param index="0">
              <value>
                <![CDATA[chrome]]>
              </value>
            </param>
          </params>
          <exception class="org.openqa.selenium.SessionNotCreatedException">
            <message>
              <![CDATA[session not created: This version of ChromeDriver only supports Chrome version 114
Current browser version is 136.0.7103.113 with binary path C:\Program Files\Google\Chrome\Application\chrome.exe
Build info: version: '3.141.59', revision: 'e82be7d358', time: '2018-11-14T08:17:03'
System info: host: 'DESKTOP-Q1VT064', ip: '192.168.1.36', os.name: 'Windows 10', os.arch: 'amd64', os.version: '10.0', java.version: '16.0.1'
Driver info: driver.version: ChromeDriver
remote stacktrace: Backtrace:
GetHandleVerifier [0x002DA813+48355]
(No symbol) [0x0026C4B1]
(No symbol) [0x00175358]
(No symbol) [0x001961AC]
(No symbol) [0x00191EF3]
(No symbol) [0x00190579]
(No symbol) [0x001C0C55]
(No symbol) [0x001C093C]
(No symbol) [0x001BA536]
(No symbol) [0x001982DC]
(No symbol) [0x001993DD]
GetHandleVerifier [0x0053AABD+2539405]
GetHandleVerifier [0x0057A78F+2800735]
GetHandleVerifier [0x0057456C+2775612]
GetHandleVerifier [0x003651E0+616112]
(No symbol) [0x00275F8C]
(No symbol) [0x00272328]
(No symbol) [0x0027240B]
(No symbol) [0x00264FF7]
BaseThreadInitThunk [0x76A8FCC9+25]
RtlGetAppContainerNamedObjectPath [0x77CD82AE+286]
RtlGetAppContainerNamedObjectPath [0x77CD827E+238]
(No symbol) [0x00000000]
]]>
            </message>
            <full-stacktrace>
              <![CDATA[org.openqa.selenium.SessionNotCreatedException: session not created: This version of ChromeDriver only supports Chrome version 114
Current browser version is 136.0.7103.113 with binary path C:\Program Files\Google\Chrome\Application\chrome.exe
Build info: version: '3.141.59', revision: 'e82be7d358', time: '2018-11-14T08:17:03'
System info: host: 'DESKTOP-Q1VT064', ip: '192.168.1.36', os.name: 'Windows 10', os.arch: 'amd64', os.version: '10.0', java.version: '16.0.1'
Driver info: driver.version: ChromeDriver
remote stacktrace: Backtrace:
GetHandleVerifier [0x002DA813+48355]
(No symbol) [0x0026C4B1]
(No symbol) [0x00175358]
(No symbol) [0x001961AC]
(No symbol) [0x00191EF3]
(No symbol) [0x00190579]
(No symbol) [0x001C0C55]
(No symbol) [0x001C093C]
(No symbol) [0x001BA536]
(No symbol) [0x001982DC]
(No symbol) [0x001993DD]
GetHandleVerifier [0x0053AABD+2539405]
GetHandleVerifier [0x0057A78F+2800735]
GetHandleVerifier [0x0057456C+2775612]
GetHandleVerifier [0x003651E0+616112]
(No symbol) [0x00275F8C]
(No symbol) [0x00272328]
(No symbol) [0x0027240B]
(No symbol) [0x00264FF7]
BaseThreadInitThunk [0x76A8FCC9+25]
RtlGetAppContainerNamedObjectPath [0x77CD82AE+286]
RtlGetAppContainerNamedObjectPath [0x77CD827E+238]
(No symbol) [0x00000000]

at java.base/jdk.internal.reflect.NativeConstructorAccessorImpl.newInstance0(Native Method)
at java.base/jdk.internal.reflect.NativeConstructorAccessorImpl.newInstance(NativeConstructorAccessorImpl.java:78)
at java.base/jdk.internal.reflect.DelegatingConstructorAccessorImpl.newInstance(DelegatingConstructorAccessorImpl.java:45)
at java.base/java.lang.reflect.Constructor.newInstanceWithCaller(Constructor.java:499)
at java.base/java.lang.reflect.Constructor.newInstance(Constructor.java:480)
at org.openqa.selenium.remote.W3CHandshakeResponse.lambda$errorHandler$0(W3CHandshakeResponse.java:62)
at org.openqa.selenium.remote.HandshakeResponse.lambda$getResponseFunction$0(HandshakeResponse.java:30)
at org.openqa.selenium.remote.ProtocolHandshake.lambda$createSession$0(ProtocolHandshake.java:126)
at java.base/java.util.stream.ReferencePipeline$3$1.accept(ReferencePipeline.java:197)
at java.base/java.util.Spliterators$ArraySpliterator.tryAdvance(Spliterators.java:958)
at java.base/java.util.stream.ReferencePipeline.forEachWithCancel(ReferencePipeline.java:129)
at java.base/java.util.stream.AbstractPipeline.copyIntoWithCancel(AbstractPipeline.java:502)
at java.base/java.util.stream.AbstractPipeline.copyInto(AbstractPipeline.java:488)
at java.base/java.util.stream.AbstractPipeline.wrapAndCopyInto(AbstractPipeline.java:474)
at java.base/java.util.stream.FindOps$FindOp.evaluateSequential(FindOps.java:150)
at java.base/java.util.stream.AbstractPipeline.evaluate(AbstractPipeline.java:234)
at java.base/java.util.stream.ReferencePipeline.findFirst(ReferencePipeline.java:647)
at org.openqa.selenium.remote.ProtocolHandshake.createSession(ProtocolHandshake.java:128)
at org.openqa.selenium.remote.ProtocolHandshake.createSession(ProtocolHandshake.java:74)
at org.openqa.selenium.remote.HttpCommandExecutor.execute(HttpCommandExecutor.java:136)
at org.openqa.selenium.remote.service.DriverCommandExecutor.execute(DriverCommandExecutor.java:83)
at org.openqa.selenium.remote.RemoteWebDriver.execute(RemoteWebDriver.java:552)
at org.openqa.selenium.remote.RemoteWebDriver.startSession(RemoteWebDriver.java:213)
at org.openqa.selenium.remote.RemoteWebDriver.<init>(RemoteWebDriver.java:131)
at org.openqa.selenium.chrome.ChromeDriver.<init>(ChromeDriver.java:181)
at org.openqa.selenium.chrome.ChromeDriver.<init>(ChromeDriver.java:168)
at org.openqa.selenium.chrome.ChromeDriver.<init>(ChromeDriver.java:123)
at com.crm.comcast.generic_utilities.Base_Class.launchBrowser(Base_Class.java:55)
at java.base/jdk.internal.reflect.NativeMethodAccessorImpl.invoke0(Native Method)
at java.base/jdk.internal.reflect.NativeMethodAccessorImpl.invoke(NativeMethodAccessorImpl.java:78)
at java.base/jdk.internal.reflect.DelegatingMethodAccessorImpl.invoke(DelegatingMethodAccessorImpl.java:43)
at java.base/java.lang.reflect.Method.invoke(Method.java:567)
at org.testng.internal.MethodInvocationHelper.invokeMethod(MethodInvocationHelper.java:133)
at org.testng.internal.MethodInvocationHelper.invokeMethodConsideringTimeout(MethodInvocationHelper.java:62)
at org.testng.internal.ConfigInvoker.invokeConfigurationMethod(ConfigInvoker.java:385)
at org.testng.internal.ConfigInvoker.invokeConfigurations(ConfigInvoker.java:321)
at org.testng.internal.TestMethodWorker.invokeBeforeClassMethods(TestMethodWorker.java:176)
at org.testng.internal.TestMethodWorker.run(TestMethodWorker.java:122)
at java.base/java.util.ArrayList.forEach(ArrayList.java:1511)
at org.testng.TestRunner.privateRun(TestRunner.java:794)
at org.testng.TestRunner.run(TestRunner.java:596)
at org.testng.SuiteRunner.runTest(SuiteRunner.java:377)
at org.testng.SuiteRunner.runSequentially(SuiteRunner.java:371)
at org.testng.SuiteRunner.privateRun(SuiteRunner.java:332)
at org.testng.SuiteRunner.run(SuiteRunner.java:276)
at org.testng.SuiteRunnerWorker.runSuite(SuiteRunnerWorker.java:53)
at org.testng.SuiteRunnerWorker.run(SuiteRunnerWorker.java:96)
at org.testng.TestNG.runSuitesSequentially(TestNG.java:1212)
at org.testng.TestNG.runSuitesLocally(TestNG.java:1134)
at org.testng.TestNG.runSuites(TestNG.java:1063)
at org.testng.TestNG.run(TestNG.java:1031)
at org.testng.remote.AbstractRemoteTestNG.run(AbstractRemoteTestNG.java:115)
at org.testng.remote.RemoteTestNG.initAndRun(RemoteTestNG.java:251)
at org.testng.remote.RemoteTestNG.main(RemoteTestNG.java:77)
]]>
            </full-stacktrace>
          </exception> <!-- org.openqa.selenium.SessionNotCreatedException -->
          <reporter-output>
          </reporter-output>
        </test-method> <!-- launchBrowser -->
        <test-method is-config="true" signature="login()[pri:0, instance:com.crm.comcast.campaignTest.Create_Campaign_Test@17bffc17]" started-at="2025-05-29T17:55:40 IST" name="login" finished-at="1970-01-01T05:30:00 IST" duration-ms="-1748521540569" status="SKIP">
          <reporter-output>
          </reporter-output>
        </test-method> <!-- login -->
        <test-method signature="createCamp()[pri:0, instance:com.crm.comcast.campaignTest.Create_Campaign_Test@17bffc17]" started-at="2025-05-29T17:55:40 IST" name="createCamp" finished-at="2025-05-29T17:55:40 IST" duration-ms="0" status="SKIP">
          <exception class="org.openqa.selenium.SessionNotCreatedException">
            <message>
              <![CDATA[session not created: This version of ChromeDriver only supports Chrome version 114
Current browser version is 136.0.7103.113 with binary path C:\Program Files\Google\Chrome\Application\chrome.exe
Build info: version: '3.141.59', revision: 'e82be7d358', time: '2018-11-14T08:17:03'
System info: host: 'DESKTOP-Q1VT064', ip: '192.168.1.36', os.name: 'Windows 10', os.arch: 'amd64', os.version: '10.0', java.version: '16.0.1'
Driver info: driver.version: ChromeDriver
remote stacktrace: Backtrace:
GetHandleVerifier [0x002DA813+48355]
(No symbol) [0x0026C4B1]
(No symbol) [0x00175358]
(No symbol) [0x001961AC]
(No symbol) [0x00191EF3]
(No symbol) [0x00190579]
(No symbol) [0x001C0C55]
(No symbol) [0x001C093C]
(No symbol) [0x001BA536]
(No symbol) [0x001982DC]
(No symbol) [0x001993DD]
GetHandleVerifier [0x0053AABD+2539405]
GetHandleVerifier [0x0057A78F+2800735]
GetHandleVerifier [0x0057456C+2775612]
GetHandleVerifier [0x003651E0+616112]
(No symbol) [0x00275F8C]
(No symbol) [0x00272328]
(No symbol) [0x0027240B]
(No symbol) [0x00264FF7]
BaseThreadInitThunk [0x76A8FCC9+25]
RtlGetAppContainerNamedObjectPath [0x77CD82AE+286]
RtlGetAppContainerNamedObjectPath [0x77CD827E+238]
(No symbol) [0x00000000]
]]>
            </message>
            <full-stacktrace>
              <![CDATA[org.openqa.selenium.SessionNotCreatedException: session not created: This version of ChromeDriver only supports Chrome version 114
Current browser version is 136.0.7103.113 with binary path C:\Program Files\Google\Chrome\Application\chrome.exe
Build info: version: '3.141.59', revision: 'e82be7d358', time: '2018-11-14T08:17:03'
System info: host: 'DESKTOP-Q1VT064', ip: '192.168.1.36', os.name: 'Windows 10', os.arch: 'amd64', os.version: '10.0', java.version: '16.0.1'
Driver info: driver.version: ChromeDriver
remote stacktrace: Backtrace:
GetHandleVerifier [0x002DA813+48355]
(No symbol) [0x0026C4B1]
(No symbol) [0x00175358]
(No symbol) [0x001961AC]
(No symbol) [0x00191EF3]
(No symbol) [0x00190579]
(No symbol) [0x001C0C55]
(No symbol) [0x001C093C]
(No symbol) [0x001BA536]
(No symbol) [0x001982DC]
(No symbol) [0x001993DD]
GetHandleVerifier [0x0053AABD+2539405]
GetHandleVerifier [0x0057A78F+2800735]
GetHandleVerifier [0x0057456C+2775612]
GetHandleVerifier [0x003651E0+616112]
(No symbol) [0x00275F8C]
(No symbol) [0x00272328]
(No symbol) [0x0027240B]
(No symbol) [0x00264FF7]
BaseThreadInitThunk [0x76A8FCC9+25]
RtlGetAppContainerNamedObjectPath [0x77CD82AE+286]
RtlGetAppContainerNamedObjectPath [0x77CD827E+238]
(No symbol) [0x00000000]

at java.base/jdk.internal.reflect.NativeConstructorAccessorImpl.newInstance0(Native Method)
at java.base/jdk.internal.reflect.NativeConstructorAccessorImpl.newInstance(NativeConstructorAccessorImpl.java:78)
at java.base/jdk.internal.reflect.DelegatingConstructorAccessorImpl.newInstance(DelegatingConstructorAccessorImpl.java:45)
at java.base/java.lang.reflect.Constructor.newInstanceWithCaller(Constructor.java:499)
at java.base/java.lang.reflect.Constructor.newInstance(Constructor.java:480)
at org.openqa.selenium.remote.W3CHandshakeResponse.lambda$errorHandler$0(W3CHandshakeResponse.java:62)
at org.openqa.selenium.remote.HandshakeResponse.lambda$getResponseFunction$0(HandshakeResponse.java:30)
at org.openqa.selenium.remote.ProtocolHandshake.lambda$createSession$0(ProtocolHandshake.java:126)
at java.base/java.util.stream.ReferencePipeline$3$1.accept(ReferencePipeline.java:197)
at java.base/java.util.Spliterators$ArraySpliterator.tryAdvance(Spliterators.java:958)
at java.base/java.util.stream.ReferencePipeline.forEachWithCancel(ReferencePipeline.java:129)
at java.base/java.util.stream.AbstractPipeline.copyIntoWithCancel(AbstractPipeline.java:502)
at java.base/java.util.stream.AbstractPipeline.copyInto(AbstractPipeline.java:488)
at java.base/java.util.stream.AbstractPipeline.wrapAndCopyInto(AbstractPipeline.java:474)
at java.base/java.util.stream.FindOps$FindOp.evaluateSequential(FindOps.java:150)
at java.base/java.util.stream.AbstractPipeline.evaluate(AbstractPipeline.java:234)
at java.base/java.util.stream.ReferencePipeline.findFirst(ReferencePipeline.java:647)
at org.openqa.selenium.remote.ProtocolHandshake.createSession(ProtocolHandshake.java:128)
at org.openqa.selenium.remote.ProtocolHandshake.createSession(ProtocolHandshake.java:74)
at org.openqa.selenium.remote.HttpCommandExecutor.execute(HttpCommandExecutor.java:136)
at org.openqa.selenium.remote.service.DriverCommandExecutor.execute(DriverCommandExecutor.java:83)
at org.openqa.selenium.remote.RemoteWebDriver.execute(RemoteWebDriver.java:552)
at org.openqa.selenium.remote.RemoteWebDriver.startSession(RemoteWebDriver.java:213)
at org.openqa.selenium.remote.RemoteWebDriver.<init>(RemoteWebDriver.java:131)
at org.openqa.selenium.chrome.ChromeDriver.<init>(ChromeDriver.java:181)
at org.openqa.selenium.chrome.ChromeDriver.<init>(ChromeDriver.java:168)
at org.openqa.selenium.chrome.ChromeDriver.<init>(ChromeDriver.java:123)
at com.crm.comcast.generic_utilities.Base_Class.launchBrowser(Base_Class.java:55)
at java.base/jdk.internal.reflect.NativeMethodAccessorImpl.invoke0(Native Method)
at java.base/jdk.internal.reflect.NativeMethodAccessorImpl.invoke(NativeMethodAccessorImpl.java:78)
at java.base/jdk.internal.reflect.DelegatingMethodAccessorImpl.invoke(DelegatingMethodAccessorImpl.java:43)
at java.base/java.lang.reflect.Method.invoke(Method.java:567)
at org.testng.internal.MethodInvocationHelper.invokeMethod(MethodInvocationHelper.java:133)
at org.testng.internal.MethodInvocationHelper.invokeMethodConsideringTimeout(MethodInvocationHelper.java:62)
at org.testng.internal.ConfigInvoker.invokeConfigurationMethod(ConfigInvoker.java:385)
at org.testng.internal.ConfigInvoker.invokeConfigurations(ConfigInvoker.java:321)
at org.testng.internal.TestMethodWorker.invokeBeforeClassMethods(TestMethodWorker.java:176)
at org.testng.internal.TestMethodWorker.run(TestMethodWorker.java:122)
at java.base/java.util.ArrayList.forEach(ArrayList.java:1511)
at org.testng.TestRunner.privateRun(TestRunner.java:794)
at org.testng.TestRunner.run(TestRunner.java:596)
at org.testng.SuiteRunner.runTest(SuiteRunner.java:377)
at org.testng.SuiteRunner.runSequentially(SuiteRunner.java:371)
at org.testng.SuiteRunner.privateRun(SuiteRunner.java:332)
at org.testng.SuiteRunner.run(SuiteRunner.java:276)
at org.testng.SuiteRunnerWorker.runSuite(SuiteRunnerWorker.java:53)
at org.testng.SuiteRunnerWorker.run(SuiteRunnerWorker.java:96)
at org.testng.TestNG.runSuitesSequentially(TestNG.java:1212)
at org.testng.TestNG.runSuitesLocally(TestNG.java:1134)
at org.testng.TestNG.runSuites(TestNG.java:1063)
at org.testng.TestNG.run(TestNG.java:1031)
at org.testng.remote.AbstractRemoteTestNG.run(AbstractRemoteTestNG.java:115)
at org.testng.remote.RemoteTestNG.initAndRun(RemoteTestNG.java:251)
at org.testng.remote.RemoteTestNG.main(RemoteTestNG.java:77)
]]>
            </full-stacktrace>
          </exception> <!-- org.openqa.selenium.SessionNotCreatedException -->
          <reporter-output>
          </reporter-output>
        </test-method> <!-- createCamp -->
        <test-method is-config="true" signature="logout()[pri:0, instance:com.crm.comcast.campaignTest.Create_Campaign_Test@17bffc17]" started-at="2025-05-29T17:55:40 IST" name="logout" finished-at="1970-01-01T05:30:00 IST" duration-ms="-1748521540639" status="SKIP">
          <reporter-output>
          </reporter-output>
        </test-method> <!-- logout -->
        <test-method is-config="true" signature="quit()[pri:0, instance:com.crm.comcast.campaignTest.Create_Campaign_Test@17bffc17]" started-at="2025-05-29T17:55:40 IST" name="quit" finished-at="1970-01-01T05:30:00 IST" duration-ms="-1748521540652" status="SKIP">
          <reporter-output>
          </reporter-output>
        </test-method> <!-- quit -->
        <test-method is-config="true" signature="at()[pri:0, instance:com.crm.comcast.campaignTest.Create_Campaign_Test@17bffc17]" started-at="2025-05-29T17:55:40 IST" name="at" finished-at="2025-05-29T17:55:40 IST" duration-ms="1" status="PASS">
          <reporter-output>
            <line>
              <![CDATA[Batch Execution is Ended]]>
            </line>
          </reporter-output>
        </test-method> <!-- at -->
        <test-method is-config="true" signature="as()[pri:0, instance:com.crm.comcast.campaignTest.Create_Campaign_Test@17bffc17]" started-at="2025-05-29T17:55:40 IST" name="as" finished-at="2025-05-29T17:55:40 IST" duration-ms="1" status="PASS">
          <reporter-output>
            <line>
              <![CDATA[DataBase is closed Successfully]]>
            </line>
          </reporter-output>
        </test-method> <!-- as -->
      </class> <!-- com.crm.comcast.campaignTest.Create_Campaign_Test -->
    </test> <!-- Default test -->
  </suite> <!-- Default suite -->
</testng-results>
